2024-08-12 14:07:07,755 INFO SPI service [com.alipay.sofa.jraft.JRaftServiceFactory - com.alipay.sofa.jraft.core.DefaultJRaftServiceFactory] loading.

2024-08-12 14:07:07,841 INFO SPI service [com.alipay.sofa.jraft.rpc.RaftRpcFactory - com.alipay.sofa.jraft.rpc.impl.GrpcRaftRpcFactory] loading.

2024-08-12 14:07:07,967 INFO SPI service [com.alipay.sofa.jraft.util.JRaftSignalHandler - com.alipay.sofa.jraft.NodeDescribeSignalHandler] loading.

2024-08-12 14:07:07,968 INFO SPI service [com.alipay.sofa.jraft.util.JRaftSignalHandler - com.alipay.sofa.jraft.NodeMetricsSignalHandler] loading.

2024-08-12 14:07:07,968 INFO SPI service [com.alipay.sofa.jraft.util.JRaftSignalHandler - com.alipay.sofa.jraft.ThreadPoolMetricsSignalHandler] loading.

2024-08-12 14:07:07,969 INFO SPI service [com.alipay.sofa.jraft.util.timer.RaftTimerFactory - com.alipay.sofa.jraft.util.timer.DefaultRaftTimerFactory] loading.

2024-08-12 14:07:07,972 INFO The number of active nodes increment to 1.

2024-08-12 14:07:08,315 INFO Starts FSMCaller successfully.

2024-08-12 14:07:08,319 WARN No data for snapshot reader /home/nacos/data/protocol/raft/naming_persistent_service_v2/snapshot.

2024-08-12 14:07:08,325 INFO Node <naming_persistent_service_v2/9388399696a3:7848> init, term=0, lastLogId=LogId [index=0, term=0], conf=9388399696a3:7848, oldConf=.

2024-08-12 14:07:08,327 INFO Node <naming_persistent_service_v2/9388399696a3:7848> start vote and grant vote self, term=0.

2024-08-12 14:07:08,344 INFO Save raft meta, path=/home/nacos/data/protocol/raft/naming_persistent_service_v2/meta-data, term=1, votedFor=9388399696a3:7848, cost time=12 ms

2024-08-12 14:07:08,345 INFO Node <naming_persistent_service_v2/9388399696a3:7848> become leader of group, term=1, conf=9388399696a3:7848, oldConf=.

2024-08-12 14:07:08,346 INFO -Djraft.recyclers.maxCapacityPerThread: 4096.

2024-08-12 14:07:08,348 WARN RPC server is not started in RaftGroupService.

2024-08-12 14:07:08,348 INFO Start the RaftGroupService successfully.

2024-08-12 14:07:08,354 INFO The number of active nodes increment to 2.

2024-08-12 14:07:08,360 INFO onLeaderStart: term=1.

2024-08-12 14:07:08,654 INFO Creating new channel to: 9388399696a3:7848.

2024-08-12 14:07:08,696 INFO Starts FSMCaller successfully.

2024-08-12 14:07:08,696 WARN No data for snapshot reader /home/nacos/data/protocol/raft/naming_instance_metadata/snapshot.

2024-08-12 14:07:08,736 INFO Node <naming_instance_metadata/9388399696a3:7848> init, term=0, lastLogId=LogId [index=0, term=0], conf=9388399696a3:7848, oldConf=.

2024-08-12 14:07:08,740 INFO Node <naming_instance_metadata/9388399696a3:7848> start vote and grant vote self, term=0.

2024-08-12 14:07:08,744 INFO Save raft meta, path=/home/nacos/data/protocol/raft/naming_instance_metadata/meta-data, term=1, votedFor=9388399696a3:7848, cost time=4 ms

2024-08-12 14:07:08,744 INFO Node <naming_instance_metadata/9388399696a3:7848> become leader of group, term=1, conf=9388399696a3:7848, oldConf=.

2024-08-12 14:07:08,748 WARN RPC server is not started in RaftGroupService.

2024-08-12 14:07:08,753 INFO Start the RaftGroupService successfully.

2024-08-12 14:07:08,800 INFO onLeaderStart: term=1.

2024-08-12 14:07:08,801 INFO The number of active nodes increment to 3.

2024-08-12 14:07:08,807 INFO The channel 9388399696a3:7848 is in state: CONNECTING.

2024-08-12 14:07:09,205 INFO Starts FSMCaller successfully.

2024-08-12 14:07:09,208 WARN No data for snapshot reader /home/nacos/data/protocol/raft/naming_service_metadata/snapshot.

2024-08-12 14:07:09,232 INFO Node <naming_service_metadata/9388399696a3:7848> init, term=0, lastLogId=LogId [index=0, term=0], conf=9388399696a3:7848, oldConf=.

2024-08-12 14:07:09,250 INFO Node <naming_service_metadata/9388399696a3:7848> start vote and grant vote self, term=0.

2024-08-12 14:07:09,311 INFO Save raft meta, path=/home/nacos/data/protocol/raft/naming_service_metadata/meta-data, term=1, votedFor=9388399696a3:7848, cost time=47 ms

2024-08-12 14:07:09,311 INFO Node <naming_service_metadata/9388399696a3:7848> become leader of group, term=1, conf=9388399696a3:7848, oldConf=.

2024-08-12 14:07:09,312 WARN RPC server is not started in RaftGroupService.

2024-08-12 14:07:09,312 INFO Start the RaftGroupService successfully.

2024-08-12 14:07:09,347 INFO onLeaderStart: term=1.

2024-08-12 14:07:09,464 INFO The channel 9388399696a3:7848 is in state: READY.

2024-08-12 14:07:09,465 INFO The channel 9388399696a3:7848 has successfully established.

2024-08-12 14:07:09,722 ERROR Fail to connect 9388399696a3:7848, remoting exception: java.util.concurrent.TimeoutException.

2024-08-12 14:07:09,722 ERROR Fail to connect peer 9388399696a3:7848 to get leader for group naming_persistent_service_v2.

2024-08-12 14:35:01,013 INFO Deleting snapshot /home/nacos/data/protocol/raft/naming_instance_metadata/snapshot/snapshot_1.

2024-08-12 14:35:01,013 INFO Renaming /home/nacos/data/protocol/raft/naming_instance_metadata/snapshot/temp to /home/nacos/data/protocol/raft/naming_instance_metadata/snapshot/snapshot_1.

2024-08-12 14:35:58,539 INFO Deleting snapshot /home/nacos/data/protocol/raft/naming_persistent_service_v2/snapshot/snapshot_1.

2024-08-12 14:35:58,539 INFO Renaming /home/nacos/data/protocol/raft/naming_persistent_service_v2/snapshot/temp to /home/nacos/data/protocol/raft/naming_persistent_service_v2/snapshot/snapshot_1.

2024-08-12 14:36:56,658 INFO Deleting snapshot /home/nacos/data/protocol/raft/naming_service_metadata/snapshot/snapshot_1.

2024-08-12 14:36:56,658 INFO Renaming /home/nacos/data/protocol/raft/naming_service_metadata/snapshot/temp to /home/nacos/data/protocol/raft/naming_service_metadata/snapshot/snapshot_1.

2024-08-12 14:47:34,871 INFO Node <naming_service_metadata/9388399696a3:7848> shutdown, currTerm=1 state=STATE_LEADER.

2024-08-12 14:47:34,872 INFO Fail to find the next candidate, group naming_service_metadata.

2024-08-12 14:47:34,872 INFO onLeaderStop: status=Status[ESHUTDOWN<1007>: Raft node is going to quit.].

2024-08-12 14:47:34,879 INFO Save raft meta, path=/home/nacos/data/protocol/raft/naming_service_metadata/meta-data, term=1, votedFor=9388399696a3:7848, cost time=5 ms

2024-08-12 14:47:34,879 INFO Shutting down FSMCaller...

2024-08-12 14:47:34,881 INFO ThreadPool is terminated: JRaft-RPC-Processor, com.alipay.sofa.jraft.util.MetricThreadPoolExecutor@482b236f[Shutting down, pool size = 0, active threads = 0, queued tasks = 0, completed tasks = 0].

2024-08-12 14:47:34,881 INFO onShutdown.

2024-08-12 14:47:34,881 INFO ThreadPool is terminated: JRaft-Node-ScheduleThreadPool, com.alipay.sofa.jraft.util.MetricScheduledThreadPoolExecutor@7a0e649d[Shutting down, pool size = 0, active threads = 0, queued tasks = 0, completed tasks = 0].

2024-08-12 14:47:34,881 INFO Destroy timer: RepeatedTimer{timeout=null, stopped=true, running=false, destroyed=true, invoking=false, timeoutMs=5000, name='JRaft-ElectionTimer-<naming_service_metadata/9388399696a3:7848>'}.

2024-08-12 14:47:34,881 INFO Destroy timer: RepeatedTimer{timeout=null, stopped=true, running=false, destroyed=true, invoking=false, timeoutMs=5000, name='JRaft-VoteTimer-<naming_service_metadata/9388399696a3:7848>'}.

2024-08-12 14:47:34,881 INFO Destroy timer: RepeatedTimer{timeout=null, stopped=true, running=false, destroyed=true, invoking=false, timeoutMs=2500, name='JRaft-StepDownTimer-<naming_service_metadata/9388399696a3:7848>'}.

2024-08-12 14:47:34,881 INFO Destroy timer: RepeatedTimer{timeout=null, stopped=true, running=false, destroyed=true, invoking=false, timeoutMs=1800000, name='JRaft-SnapshotTimer-<naming_service_metadata/9388399696a3:7848>'}.

2024-08-12 14:47:34,881 INFO The number of active nodes decrement to 2.

2024-08-12 14:47:34,885 INFO Node <naming_service_metadata/9388399696a3:7848> shutdown, currTerm=1 state=STATE_SHUTTING.

2024-08-12 14:47:34,885 INFO Stop the RaftGroupService successfully.

2024-08-12 14:47:34,885 INFO Node <naming_instance_metadata/9388399696a3:7848> shutdown, currTerm=1 state=STATE_LEADER.

2024-08-12 14:47:34,889 INFO Fail to find the next candidate, group naming_instance_metadata.

2024-08-12 14:47:34,889 INFO onLeaderStop: status=Status[ESHUTDOWN<1007>: Raft node is going to quit.].

2024-08-12 14:47:34,900 INFO DB destroyed, the db path is: /home/nacos/data/protocol/raft/naming_service_metadata/log.

2024-08-12 14:47:34,902 INFO Save raft meta, path=/home/nacos/data/protocol/raft/naming_instance_metadata/meta-data, term=1, votedFor=9388399696a3:7848, cost time=11 ms

2024-08-12 14:47:34,902 INFO Shutting down FSMCaller...

2024-08-12 14:47:34,903 INFO ThreadPool is terminated: JRaft-RPC-Processor, com.alipay.sofa.jraft.util.MetricThreadPoolExecutor@565ca48d[Shutting down, pool size = 0, active threads = 0, queued tasks = 0, completed tasks = 0].

2024-08-12 14:47:34,903 INFO ThreadPool is terminated: JRaft-Node-ScheduleThreadPool, com.alipay.sofa.jraft.util.MetricScheduledThreadPoolExecutor@4567d6fe[Shutting down, pool size = 0, active threads = 0, queued tasks = 0, completed tasks = 0].

2024-08-12 14:47:34,903 INFO Destroy timer: RepeatedTimer{timeout=null, stopped=true, running=false, destroyed=true, invoking=false, timeoutMs=5000, name='JRaft-ElectionTimer-<naming_instance_metadata/9388399696a3:7848>'}.

2024-08-12 14:47:34,903 INFO Destroy timer: RepeatedTimer{timeout=null, stopped=true, running=false, destroyed=true, invoking=false, timeoutMs=5000, name='JRaft-VoteTimer-<naming_instance_metadata/9388399696a3:7848>'}.

2024-08-12 14:47:34,903 INFO Destroy timer: RepeatedTimer{timeout=null, stopped=true, running=false, destroyed=true, invoking=false, timeoutMs=2500, name='JRaft-StepDownTimer-<naming_instance_metadata/9388399696a3:7848>'}.

2024-08-12 14:47:34,903 INFO Destroy timer: RepeatedTimer{timeout=null, stopped=true, running=false, destroyed=true, invoking=false, timeoutMs=1800000, name='JRaft-SnapshotTimer-<naming_instance_metadata/9388399696a3:7848>'}.

2024-08-12 14:47:34,903 INFO onShutdown.

2024-08-12 14:47:34,903 INFO The number of active nodes decrement to 1.

2024-08-12 14:47:34,904 INFO Node <naming_instance_metadata/9388399696a3:7848> shutdown, currTerm=1 state=STATE_SHUTTING.

2024-08-12 14:47:34,904 INFO Stop the RaftGroupService successfully.

2024-08-12 14:47:34,904 INFO Node <naming_persistent_service_v2/9388399696a3:7848> shutdown, currTerm=1 state=STATE_LEADER.

2024-08-12 14:47:34,905 INFO Fail to find the next candidate, group naming_persistent_service_v2.

2024-08-12 14:47:34,905 INFO onLeaderStop: status=Status[ESHUTDOWN<1007>: Raft node is going to quit.].

2024-08-12 14:47:34,912 INFO DB destroyed, the db path is: /home/nacos/data/protocol/raft/naming_instance_metadata/log.

2024-08-12 14:47:34,914 INFO Save raft meta, path=/home/nacos/data/protocol/raft/naming_persistent_service_v2/meta-data, term=1, votedFor=9388399696a3:7848, cost time=8 ms

2024-08-12 14:47:34,914 INFO Shutting down FSMCaller...

2024-08-12 14:47:34,915 INFO ThreadPool is terminated: JRaft-RPC-Processor, com.alipay.sofa.jraft.util.MetricThreadPoolExecutor@366a68b3[Shutting down, pool size = 0, active threads = 0, queued tasks = 0, completed tasks = 0].

2024-08-12 14:47:34,915 INFO ThreadPool is terminated: JRaft-Node-ScheduleThreadPool, com.alipay.sofa.jraft.util.MetricScheduledThreadPoolExecutor@5a1ca3f[Shutting down, pool size = 0, active threads = 0, queued tasks = 0, completed tasks = 0].

2024-08-12 14:47:34,915 INFO onShutdown.

2024-08-12 14:47:34,915 INFO The number of active nodes decrement to 0.

2024-08-12 14:47:34,917 INFO ThreadPool is terminated: JRaft-Global-ElectionTimer, com.alipay.sofa.jraft.util.MetricScheduledThreadPoolExecutor@792fdafa[Shutting down, pool size = 0, active threads = 0, queued tasks = 0, completed tasks = 3].

2024-08-12 14:47:34,922 INFO Destroy timer: RepeatedTimer{timeout=null, stopped=true, running=false, destroyed=true, invoking=false, timeoutMs=5000, name='JRaft-ElectionTimer-<naming_persistent_service_v2/9388399696a3:7848>'}.

2024-08-12 14:47:34,922 INFO ThreadPool is terminated: JRaft-Global-VoteTimer, com.alipay.sofa.jraft.util.MetricScheduledThreadPoolExecutor@48900cbc[Shutting down, pool size = 0, active threads = 0, queued tasks = 0, completed tasks = 3].

2024-08-12 14:47:34,922 INFO Destroy timer: RepeatedTimer{timeout=null, stopped=true, running=false, destroyed=true, invoking=false, timeoutMs=5000, name='JRaft-VoteTimer-<naming_persistent_service_v2/9388399696a3:7848>'}.

2024-08-12 14:47:34,932 INFO ThreadPool is terminated: JRaft-Global-StepDownTimer, com.alipay.sofa.jraft.util.MetricScheduledThreadPoolExecutor@4a612a5e[Shutting down, pool size = 0, active threads = 0, queued tasks = 0, completed tasks = 2901].

2024-08-12 14:47:34,940 INFO Destroy timer: RepeatedTimer{timeout=null, stopped=true, running=false, destroyed=true, invoking=false, timeoutMs=2500, name='JRaft-StepDownTimer-<naming_persistent_service_v2/9388399696a3:7848>'}.

2024-08-12 14:47:34,968 INFO ThreadPool is terminated: JRaft-Global-SnapshotTimer, com.alipay.sofa.jraft.util.MetricScheduledThreadPoolExecutor@437c302c[Shutting down, pool size = 0, active threads = 0, queued tasks = 0, completed tasks = 3].

2024-08-12 14:47:34,970 INFO Destroy timer: RepeatedTimer{timeout=null, stopped=true, running=false, destroyed=true, invoking=false, timeoutMs=1800000, name='JRaft-SnapshotTimer-<naming_persistent_service_v2/9388399696a3:7848>'}.

2024-08-12 14:47:34,990 INFO Node <naming_persistent_service_v2/9388399696a3:7848> shutdown, currTerm=1 state=STATE_SHUTTING.

2024-08-12 14:47:34,991 INFO Stop the RaftGroupService successfully.

2024-08-12 14:47:34,998 INFO Shutdown managed channel: 9388399696a3:7848, ManagedChannelOrphanWrapper{delegate=ManagedChannelImpl{logId=10, target=9388399696a3:7848}}.

2024-08-12 14:47:35,000 INFO DB destroyed, the db path is: /home/nacos/data/protocol/raft/naming_persistent_service_v2/log.

2024-08-12 14:47:35,000 INFO The channel 9388399696a3:7848 is in state: SHUTDOWN.

2024-08-12 14:47:35,000 WARN This channel 9388399696a3:7848 has started shutting down. Any new RPCs should fail immediately.

2024-08-12 14:47:35,003 INFO Connection disconnected: /172.18.0.3:58218

2024-08-12 14:47:35,168 INFO ThreadPool is terminated: JRaft-RPC-Processor, com.alipay.sofa.jraft.util.MetricThreadPoolExecutor@6ae691aa[Shutting down, pool size = 20, active threads = 0, queued tasks = 0, completed tasks = 1842].

2024-08-12 14:48:22,290 INFO SPI service [com.alipay.sofa.jraft.JRaftServiceFactory - com.alipay.sofa.jraft.core.DefaultJRaftServiceFactory] loading.

2024-08-12 14:48:22,327 INFO SPI service [com.alipay.sofa.jraft.rpc.RaftRpcFactory - com.alipay.sofa.jraft.rpc.impl.GrpcRaftRpcFactory] loading.

2024-08-12 14:48:22,397 INFO SPI service [com.alipay.sofa.jraft.util.JRaftSignalHandler - com.alipay.sofa.jraft.NodeDescribeSignalHandler] loading.

2024-08-12 14:48:22,398 INFO SPI service [com.alipay.sofa.jraft.util.JRaftSignalHandler - com.alipay.sofa.jraft.NodeMetricsSignalHandler] loading.

2024-08-12 14:48:22,398 INFO SPI service [com.alipay.sofa.jraft.util.JRaftSignalHandler - com.alipay.sofa.jraft.ThreadPoolMetricsSignalHandler] loading.

2024-08-12 14:48:22,399 INFO SPI service [com.alipay.sofa.jraft.util.timer.RaftTimerFactory - com.alipay.sofa.jraft.util.timer.DefaultRaftTimerFactory] loading.

2024-08-12 14:48:22,401 INFO The number of active nodes increment to 1.

2024-08-12 14:48:22,566 INFO Starts FSMCaller successfully.

2024-08-12 14:48:22,569 WARN No data for snapshot reader /home/nacos/data/protocol/raft/naming_persistent_service_v2/snapshot.

2024-08-12 14:48:22,575 INFO Node <naming_persistent_service_v2/a391b39289eb:7848> init, term=0, lastLogId=LogId [index=0, term=0], conf=a391b39289eb:7848, oldConf=.

2024-08-12 14:48:22,577 INFO Node <naming_persistent_service_v2/a391b39289eb:7848> start vote and grant vote self, term=0.

2024-08-12 14:48:22,597 INFO Save raft meta, path=/home/nacos/data/protocol/raft/naming_persistent_service_v2/meta-data, term=1, votedFor=a391b39289eb:7848, cost time=18 ms

2024-08-12 14:48:22,597 INFO Node <naming_persistent_service_v2/a391b39289eb:7848> become leader of group, term=1, conf=a391b39289eb:7848, oldConf=.

2024-08-12 14:48:22,599 INFO -Djraft.recyclers.maxCapacityPerThread: 4096.

2024-08-12 14:48:22,600 WARN RPC server is not started in RaftGroupService.

2024-08-12 14:48:22,600 INFO Start the RaftGroupService successfully.

2024-08-12 14:48:22,612 INFO The number of active nodes increment to 2.

2024-08-12 14:48:22,620 INFO onLeaderStart: term=1.

2024-08-12 14:48:22,764 INFO Starts FSMCaller successfully.

2024-08-12 14:48:22,764 WARN No data for snapshot reader /home/nacos/data/protocol/raft/naming_instance_metadata/snapshot.

2024-08-12 14:48:22,765 INFO Node <naming_instance_metadata/a391b39289eb:7848> init, term=0, lastLogId=LogId [index=0, term=0], conf=a391b39289eb:7848, oldConf=.

2024-08-12 14:48:22,766 INFO Node <naming_instance_metadata/a391b39289eb:7848> start vote and grant vote self, term=0.

2024-08-12 14:48:22,772 INFO Save raft meta, path=/home/nacos/data/protocol/raft/naming_instance_metadata/meta-data, term=1, votedFor=a391b39289eb:7848, cost time=5 ms

2024-08-12 14:48:22,772 INFO Node <naming_instance_metadata/a391b39289eb:7848> become leader of group, term=1, conf=a391b39289eb:7848, oldConf=.

2024-08-12 14:48:22,772 WARN RPC server is not started in RaftGroupService.

2024-08-12 14:48:22,772 INFO Start the RaftGroupService successfully.

2024-08-12 14:48:22,775 INFO onLeaderStart: term=1.

2024-08-12 14:48:22,777 INFO The number of active nodes increment to 3.

2024-08-12 14:48:22,789 INFO Creating new channel to: a391b39289eb:7848.

2024-08-12 14:48:23,126 INFO Starts FSMCaller successfully.

2024-08-12 14:48:23,126 WARN No data for snapshot reader /home/nacos/data/protocol/raft/naming_service_metadata/snapshot.

2024-08-12 14:48:23,264 INFO Node <naming_service_metadata/a391b39289eb:7848> init, term=0, lastLogId=LogId [index=0, term=0], conf=a391b39289eb:7848, oldConf=.

2024-08-12 14:48:23,351 INFO Node <naming_service_metadata/a391b39289eb:7848> start vote and grant vote self, term=0.

2024-08-12 14:48:23,494 INFO Save raft meta, path=/home/nacos/data/protocol/raft/naming_service_metadata/meta-data, term=1, votedFor=a391b39289eb:7848, cost time=95 ms

2024-08-12 14:48:23,495 INFO Node <naming_service_metadata/a391b39289eb:7848> become leader of group, term=1, conf=a391b39289eb:7848, oldConf=.

2024-08-12 14:48:23,518 WARN RPC server is not started in RaftGroupService.

2024-08-12 14:48:23,519 INFO Start the RaftGroupService successfully.

2024-08-12 14:48:23,892 INFO onLeaderStart: term=1.

2024-08-12 14:48:23,942 ERROR Fail to connect a391b39289eb:7848, remoting exception: java.util.concurrent.TimeoutException.

2024-08-12 14:48:23,942 ERROR Fail to connect peer a391b39289eb:7848 to get leader for group naming_instance_metadata.

2024-08-12 14:48:24,052 ERROR Fail to connect a391b39289eb:7848, remoting exception: java.util.concurrent.TimeoutException.

2024-08-12 14:48:24,052 ERROR Fail to connect peer a391b39289eb:7848 to get leader for group naming_persistent_service_v2.

2024-08-12 14:48:25,493 INFO The channel a391b39289eb:7848 is in state: CONNECTING.

2024-08-12 14:48:39,021 INFO The channel a391b39289eb:7848 is in state: READY.

2024-08-12 14:48:39,021 INFO The channel a391b39289eb:7848 has successfully established.

2024-08-12 14:49:32,055 INFO Node <naming_service_metadata/a391b39289eb:7848> shutdown, currTerm=1 state=STATE_LEADER.

2024-08-12 14:49:32,057 INFO Fail to find the next candidate, group naming_service_metadata.

2024-08-12 14:49:32,057 INFO onLeaderStop: status=Status[ESHUTDOWN<1007>: Raft node is going to quit.].

2024-08-12 14:49:32,064 INFO Save raft meta, path=/home/nacos/data/protocol/raft/naming_service_metadata/meta-data, term=1, votedFor=a391b39289eb:7848, cost time=5 ms

2024-08-12 14:49:32,064 INFO Shutting down FSMCaller...

2024-08-12 14:49:32,065 INFO ThreadPool is terminated: JRaft-RPC-Processor, com.alipay.sofa.jraft.util.MetricThreadPoolExecutor@270c9bba[Shutting down, pool size = 0, active threads = 0, queued tasks = 0, completed tasks = 0].

2024-08-12 14:49:32,065 INFO onShutdown.

2024-08-12 14:49:32,065 INFO ThreadPool is terminated: JRaft-Node-ScheduleThreadPool, com.alipay.sofa.jraft.util.MetricScheduledThreadPoolExecutor@16587332[Shutting down, pool size = 0, active threads = 0, queued tasks = 0, completed tasks = 0].

2024-08-12 14:49:32,065 INFO Destroy timer: RepeatedTimer{timeout=null, stopped=true, running=false, destroyed=true, invoking=false, timeoutMs=5000, name='JRaft-ElectionTimer-<naming_service_metadata/a391b39289eb:7848>'}.

2024-08-12 14:49:32,065 INFO Destroy timer: RepeatedTimer{timeout=null, stopped=true, running=false, destroyed=true, invoking=false, timeoutMs=5000, name='JRaft-VoteTimer-<naming_service_metadata/a391b39289eb:7848>'}.

2024-08-12 14:49:32,065 INFO Destroy timer: RepeatedTimer{timeout=null, stopped=true, running=false, destroyed=true, invoking=false, timeoutMs=2500, name='JRaft-StepDownTimer-<naming_service_metadata/a391b39289eb:7848>'}.

2024-08-12 14:49:32,065 INFO Destroy timer: RepeatedTimer{timeout=null, stopped=true, running=false, destroyed=true, invoking=false, timeoutMs=1800000, name='JRaft-SnapshotTimer-<naming_service_metadata/a391b39289eb:7848>'}.

2024-08-12 14:49:32,067 INFO Node <naming_service_metadata/a391b39289eb:7848> shutdown, currTerm=1 state=STATE_SHUTTING.

2024-08-12 14:49:32,066 INFO The number of active nodes decrement to 2.

2024-08-12 14:49:32,067 INFO Stop the RaftGroupService successfully.

2024-08-12 14:49:32,067 INFO Node <naming_instance_metadata/a391b39289eb:7848> shutdown, currTerm=1 state=STATE_LEADER.

2024-08-12 14:49:32,068 INFO Fail to find the next candidate, group naming_instance_metadata.

2024-08-12 14:49:32,069 INFO onLeaderStop: status=Status[ESHUTDOWN<1007>: Raft node is going to quit.].

2024-08-12 14:49:32,106 INFO DB destroyed, the db path is: /home/nacos/data/protocol/raft/naming_service_metadata/log.

2024-08-12 14:49:32,189 INFO Save raft meta, path=/home/nacos/data/protocol/raft/naming_instance_metadata/meta-data, term=1, votedFor=a391b39289eb:7848, cost time=73 ms

2024-08-12 14:49:32,189 INFO Shutting down FSMCaller...

2024-08-12 14:49:32,206 INFO ThreadPool is terminated: JRaft-RPC-Processor, com.alipay.sofa.jraft.util.MetricThreadPoolExecutor@2b32a0c[Shutting down, pool size = 0, active threads = 0, queued tasks = 0, completed tasks = 0].

2024-08-12 14:49:32,209 INFO ThreadPool is terminated: JRaft-Node-ScheduleThreadPool, com.alipay.sofa.jraft.util.MetricScheduledThreadPoolExecutor@1ce2e00a[Shutting down, pool size = 0, active threads = 0, queued tasks = 0, completed tasks = 0].

2024-08-12 14:49:32,209 INFO Destroy timer: RepeatedTimer{timeout=null, stopped=true, running=false, destroyed=true, invoking=false, timeoutMs=5000, name='JRaft-ElectionTimer-<naming_instance_metadata/a391b39289eb:7848>'}.

2024-08-12 14:49:32,209 INFO Destroy timer: RepeatedTimer{timeout=null, stopped=true, running=false, destroyed=true, invoking=false, timeoutMs=5000, name='JRaft-VoteTimer-<naming_instance_metadata/a391b39289eb:7848>'}.

2024-08-12 14:49:32,209 INFO Destroy timer: RepeatedTimer{timeout=null, stopped=true, running=false, destroyed=true, invoking=false, timeoutMs=2500, name='JRaft-StepDownTimer-<naming_instance_metadata/a391b39289eb:7848>'}.

2024-08-12 14:49:32,209 INFO Destroy timer: RepeatedTimer{timeout=null, stopped=true, running=false, destroyed=true, invoking=false, timeoutMs=1800000, name='JRaft-SnapshotTimer-<naming_instance_metadata/a391b39289eb:7848>'}.

2024-08-12 14:49:32,211 INFO Node <naming_instance_metadata/a391b39289eb:7848> shutdown, currTerm=1 state=STATE_SHUTTING.

2024-08-12 14:49:32,211 INFO Stop the RaftGroupService successfully.

2024-08-12 14:49:32,211 INFO Node <naming_persistent_service_v2/a391b39289eb:7848> shutdown, currTerm=1 state=STATE_LEADER.

2024-08-12 14:49:32,211 INFO onShutdown.

2024-08-12 14:49:32,211 INFO onLeaderStop: status=Status[ESHUTDOWN<1007>: Raft node is going to quit.].

2024-08-12 14:49:32,212 INFO The number of active nodes decrement to 1.

2024-08-12 14:49:32,212 INFO Fail to find the next candidate, group naming_persistent_service_v2.

2024-08-12 14:49:32,304 INFO DB destroyed, the db path is: /home/nacos/data/protocol/raft/naming_instance_metadata/log.

2024-08-12 14:49:32,307 INFO Save raft meta, path=/home/nacos/data/protocol/raft/naming_persistent_service_v2/meta-data, term=1, votedFor=a391b39289eb:7848, cost time=15 ms

2024-08-12 14:49:32,307 INFO Shutting down FSMCaller...

2024-08-12 14:49:32,307 INFO onShutdown.

2024-08-12 14:49:32,307 INFO ThreadPool is terminated: JRaft-RPC-Processor, com.alipay.sofa.jraft.util.MetricThreadPoolExecutor@19fb79cd[Shutting down, pool size = 0, active threads = 0, queued tasks = 0, completed tasks = 0].

2024-08-12 14:49:32,307 INFO ThreadPool is terminated: JRaft-Node-ScheduleThreadPool, com.alipay.sofa.jraft.util.MetricScheduledThreadPoolExecutor@cc62911[Shutting down, pool size = 0, active threads = 0, queued tasks = 0, completed tasks = 0].

2024-08-12 14:49:32,307 INFO The number of active nodes decrement to 0.

2024-08-12 14:49:32,309 INFO ThreadPool is terminated: JRaft-Global-ElectionTimer, com.alipay.sofa.jraft.util.MetricScheduledThreadPoolExecutor@6a17375c[Shutting down, pool size = 0, active threads = 0, queued tasks = 0, completed tasks = 3].

2024-08-12 14:49:32,309 INFO Destroy timer: RepeatedTimer{timeout=null, stopped=true, running=false, destroyed=true, invoking=false, timeoutMs=5000, name='JRaft-ElectionTimer-<naming_persistent_service_v2/a391b39289eb:7848>'}.

2024-08-12 14:49:32,321 INFO ThreadPool is terminated: JRaft-Global-VoteTimer, com.alipay.sofa.jraft.util.MetricScheduledThreadPoolExecutor@7af7a33[Shutting down, pool size = 3, active threads = 0, queued tasks = 0, completed tasks = 3].

2024-08-12 14:49:32,321 INFO Destroy timer: RepeatedTimer{timeout=null, stopped=true, running=false, destroyed=true, invoking=false, timeoutMs=5000, name='JRaft-VoteTimer-<naming_persistent_service_v2/a391b39289eb:7848>'}.

2024-08-12 14:49:32,333 INFO ThreadPool is terminated: JRaft-Global-StepDownTimer, com.alipay.sofa.jraft.util.MetricScheduledThreadPoolExecutor@41ceeaf1[Shutting down, pool size = 8, active threads = 0, queued tasks = 0, completed tasks = 75].

2024-08-12 14:49:32,336 INFO Destroy timer: RepeatedTimer{timeout=null, stopped=true, running=false, destroyed=true, invoking=false, timeoutMs=2500, name='JRaft-StepDownTimer-<naming_persistent_service_v2/a391b39289eb:7848>'}.

2024-08-12 14:49:32,342 INFO ThreadPool is terminated: JRaft-Global-SnapshotTimer, com.alipay.sofa.jraft.util.MetricScheduledThreadPoolExecutor@39970685[Shutting down, pool size = 0, active threads = 0, queued tasks = 0, completed tasks = 0].

2024-08-12 14:49:32,343 INFO Destroy timer: RepeatedTimer{timeout=null, stopped=true, running=false, destroyed=true, invoking=false, timeoutMs=1800000, name='JRaft-SnapshotTimer-<naming_persistent_service_v2/a391b39289eb:7848>'}.

2024-08-12 14:49:32,344 INFO Node <naming_persistent_service_v2/a391b39289eb:7848> shutdown, currTerm=1 state=STATE_SHUTTING.

2024-08-12 14:49:32,344 INFO Stop the RaftGroupService successfully.

2024-08-12 14:49:32,363 INFO Shutdown managed channel: a391b39289eb:7848, ManagedChannelOrphanWrapper{delegate=ManagedChannelImpl{logId=10, target=a391b39289eb:7848}}.

2024-08-12 14:49:32,364 INFO DB destroyed, the db path is: /home/nacos/data/protocol/raft/naming_persistent_service_v2/log.

2024-08-12 14:49:32,365 INFO The channel a391b39289eb:7848 is in state: SHUTDOWN.

2024-08-12 14:49:32,365 WARN This channel a391b39289eb:7848 has started shutting down. Any new RPCs should fail immediately.

2024-08-12 14:49:32,367 INFO Connection disconnected: /172.18.0.3:55684

2024-08-12 14:49:32,452 INFO ThreadPool is terminated: JRaft-RPC-Processor, com.alipay.sofa.jraft.util.MetricThreadPoolExecutor@3ad9eb1b[Shutting down, pool size = 14, active threads = 0, queued tasks = 0, completed tasks = 74].

2024-08-12 14:50:21,400 INFO SPI service [com.alipay.sofa.jraft.JRaftServiceFactory - com.alipay.sofa.jraft.core.DefaultJRaftServiceFactory] loading.

2024-08-12 14:50:21,447 INFO SPI service [com.alipay.sofa.jraft.rpc.RaftRpcFactory - com.alipay.sofa.jraft.rpc.impl.GrpcRaftRpcFactory] loading.

2024-08-12 14:50:21,536 INFO SPI service [com.alipay.sofa.jraft.util.JRaftSignalHandler - com.alipay.sofa.jraft.NodeDescribeSignalHandler] loading.

2024-08-12 14:50:21,536 INFO SPI service [com.alipay.sofa.jraft.util.JRaftSignalHandler - com.alipay.sofa.jraft.NodeMetricsSignalHandler] loading.

2024-08-12 14:50:21,536 INFO SPI service [com.alipay.sofa.jraft.util.JRaftSignalHandler - com.alipay.sofa.jraft.ThreadPoolMetricsSignalHandler] loading.

2024-08-12 14:50:21,537 INFO SPI service [com.alipay.sofa.jraft.util.timer.RaftTimerFactory - com.alipay.sofa.jraft.util.timer.DefaultRaftTimerFactory] loading.

2024-08-12 14:50:21,538 INFO The number of active nodes increment to 1.

2024-08-12 14:50:22,131 INFO Starts FSMCaller successfully.

2024-08-12 14:50:22,134 WARN No data for snapshot reader /home/nacos/data/protocol/raft/naming_persistent_service_v2/snapshot.

2024-08-12 14:50:22,141 INFO Node <naming_persistent_service_v2/586d60d0b58a:7848> init, term=0, lastLogId=LogId [index=0, term=0], conf=586d60d0b58a:7848, oldConf=.

2024-08-12 14:50:22,142 INFO Node <naming_persistent_service_v2/586d60d0b58a:7848> start vote and grant vote self, term=0.

2024-08-12 14:50:22,164 INFO Save raft meta, path=/home/nacos/data/protocol/raft/naming_persistent_service_v2/meta-data, term=1, votedFor=586d60d0b58a:7848, cost time=19 ms

2024-08-12 14:50:22,164 INFO Node <naming_persistent_service_v2/586d60d0b58a:7848> become leader of group, term=1, conf=586d60d0b58a:7848, oldConf=.

2024-08-12 14:50:22,165 INFO -Djraft.recyclers.maxCapacityPerThread: 4096.

2024-08-12 14:50:22,167 WARN RPC server is not started in RaftGroupService.

2024-08-12 14:50:22,167 INFO Start the RaftGroupService successfully.

2024-08-12 14:50:22,177 INFO The number of active nodes increment to 2.

2024-08-12 14:50:22,177 INFO onLeaderStart: term=1.

2024-08-12 14:50:22,266 INFO Starts FSMCaller successfully.

2024-08-12 14:50:22,267 WARN No data for snapshot reader /home/nacos/data/protocol/raft/naming_instance_metadata/snapshot.

2024-08-12 14:50:22,268 INFO Node <naming_instance_metadata/586d60d0b58a:7848> init, term=0, lastLogId=LogId [index=0, term=0], conf=586d60d0b58a:7848, oldConf=.

2024-08-12 14:50:22,269 INFO Node <naming_instance_metadata/586d60d0b58a:7848> start vote and grant vote self, term=0.

2024-08-12 14:50:22,272 INFO Save raft meta, path=/home/nacos/data/protocol/raft/naming_instance_metadata/meta-data, term=1, votedFor=586d60d0b58a:7848, cost time=3 ms

2024-08-12 14:50:22,272 INFO Node <naming_instance_metadata/586d60d0b58a:7848> become leader of group, term=1, conf=586d60d0b58a:7848, oldConf=.

2024-08-12 14:50:22,272 WARN RPC server is not started in RaftGroupService.

2024-08-12 14:50:22,272 INFO Start the RaftGroupService successfully.

2024-08-12 14:50:22,275 INFO onLeaderStart: term=1.

2024-08-12 14:50:22,277 INFO The number of active nodes increment to 3.

2024-08-12 14:50:22,281 INFO Creating new channel to: 586d60d0b58a:7848.

2024-08-12 14:50:22,316 INFO Starts FSMCaller successfully.

2024-08-12 14:50:22,316 WARN No data for snapshot reader /home/nacos/data/protocol/raft/naming_service_metadata/snapshot.

2024-08-12 14:50:22,317 INFO Node <naming_service_metadata/586d60d0b58a:7848> init, term=0, lastLogId=LogId [index=0, term=0], conf=586d60d0b58a:7848, oldConf=.

2024-08-12 14:50:22,393 INFO Node <naming_service_metadata/586d60d0b58a:7848> start vote and grant vote self, term=0.

2024-08-12 14:50:22,422 INFO The channel 586d60d0b58a:7848 is in state: CONNECTING.

2024-08-12 14:50:22,426 INFO Save raft meta, path=/home/nacos/data/protocol/raft/naming_service_metadata/meta-data, term=1, votedFor=586d60d0b58a:7848, cost time=8 ms

2024-08-12 14:50:22,426 INFO Node <naming_service_metadata/586d60d0b58a:7848> become leader of group, term=1, conf=586d60d0b58a:7848, oldConf=.

2024-08-12 14:50:22,427 WARN RPC server is not started in RaftGroupService.

2024-08-12 14:50:22,428 INFO Start the RaftGroupService successfully.

2024-08-12 14:50:22,432 INFO onLeaderStart: term=1.

2024-08-12 14:50:22,645 INFO The channel 586d60d0b58a:7848 is in state: READY.

2024-08-12 14:50:22,645 INFO The channel 586d60d0b58a:7848 has successfully established.

2024-08-12 15:09:16,682 INFO Deleting snapshot /home/nacos/data/protocol/raft/naming_service_metadata/snapshot/snapshot_1.

2024-08-12 15:09:16,687 INFO Renaming /home/nacos/data/protocol/raft/naming_service_metadata/snapshot/temp to /home/nacos/data/protocol/raft/naming_service_metadata/snapshot/snapshot_1.

2024-08-12 15:16:04,815 INFO Deleting snapshot /home/nacos/data/protocol/raft/naming_persistent_service_v2/snapshot/snapshot_1.

2024-08-12 15:16:04,815 INFO Renaming /home/nacos/data/protocol/raft/naming_persistent_service_v2/snapshot/temp to /home/nacos/data/protocol/raft/naming_persistent_service_v2/snapshot/snapshot_1.

2024-08-12 15:19:21,107 INFO Deleting snapshot /home/nacos/data/protocol/raft/naming_instance_metadata/snapshot/snapshot_1.

2024-08-12 15:19:21,107 INFO Renaming /home/nacos/data/protocol/raft/naming_instance_metadata/snapshot/temp to /home/nacos/data/protocol/raft/naming_instance_metadata/snapshot/snapshot_1.

2024-08-12 15:28:37,390 INFO Node <naming_service_metadata/586d60d0b58a:7848> shutdown, currTerm=1 state=STATE_LEADER.

2024-08-12 15:28:37,391 INFO Fail to find the next candidate, group naming_service_metadata.

2024-08-12 15:28:37,391 INFO onLeaderStop: status=Status[ESHUTDOWN<1007>: Raft node is going to quit.].

2024-08-12 15:28:37,396 INFO Save raft meta, path=/home/nacos/data/protocol/raft/naming_service_metadata/meta-data, term=1, votedFor=586d60d0b58a:7848, cost time=4 ms

2024-08-12 15:28:37,396 INFO Shutting down FSMCaller...

2024-08-12 15:28:37,397 INFO onShutdown.

2024-08-12 15:28:37,397 INFO ThreadPool is terminated: JRaft-RPC-Processor, com.alipay.sofa.jraft.util.MetricThreadPoolExecutor@575ab476[Shutting down, pool size = 0, active threads = 0, queued tasks = 0, completed tasks = 0].

2024-08-12 15:28:37,398 INFO ThreadPool is terminated: JRaft-Node-ScheduleThreadPool, com.alipay.sofa.jraft.util.MetricScheduledThreadPoolExecutor@792d8a99[Shutting down, pool size = 0, active threads = 0, queued tasks = 0, completed tasks = 0].

2024-08-12 15:28:37,398 INFO Destroy timer: RepeatedTimer{timeout=null, stopped=true, running=false, destroyed=true, invoking=false, timeoutMs=5000, name='JRaft-ElectionTimer-<naming_service_metadata/586d60d0b58a:7848>'}.

2024-08-12 15:28:37,398 INFO Destroy timer: RepeatedTimer{timeout=null, stopped=true, running=false, destroyed=true, invoking=false, timeoutMs=5000, name='JRaft-VoteTimer-<naming_service_metadata/586d60d0b58a:7848>'}.

2024-08-12 15:28:37,398 INFO Destroy timer: RepeatedTimer{timeout=null, stopped=true, running=false, destroyed=true, invoking=false, timeoutMs=2500, name='JRaft-StepDownTimer-<naming_service_metadata/586d60d0b58a:7848>'}.

2024-08-12 15:28:37,398 INFO Destroy timer: RepeatedTimer{timeout=null, stopped=true, running=false, destroyed=true, invoking=false, timeoutMs=1800000, name='JRaft-SnapshotTimer-<naming_service_metadata/586d60d0b58a:7848>'}.

2024-08-12 15:28:37,398 INFO The number of active nodes decrement to 2.

2024-08-12 15:28:37,399 INFO Node <naming_service_metadata/586d60d0b58a:7848> shutdown, currTerm=1 state=STATE_SHUTTING.

2024-08-12 15:28:37,399 INFO Stop the RaftGroupService successfully.

2024-08-12 15:28:37,399 INFO Node <naming_instance_metadata/586d60d0b58a:7848> shutdown, currTerm=1 state=STATE_LEADER.

2024-08-12 15:28:37,399 INFO Fail to find the next candidate, group naming_instance_metadata.

2024-08-12 15:28:37,399 INFO onLeaderStop: status=Status[ESHUTDOWN<1007>: Raft node is going to quit.].

2024-08-12 15:28:37,410 INFO DB destroyed, the db path is: /home/nacos/data/protocol/raft/naming_service_metadata/log.

2024-08-12 15:28:37,412 INFO Save raft meta, path=/home/nacos/data/protocol/raft/naming_instance_metadata/meta-data, term=1, votedFor=586d60d0b58a:7848, cost time=12 ms

2024-08-12 15:28:37,413 INFO Shutting down FSMCaller...

2024-08-12 15:28:37,414 INFO ThreadPool is terminated: JRaft-RPC-Processor, com.alipay.sofa.jraft.util.MetricThreadPoolExecutor@61e1e952[Shutting down, pool size = 0, active threads = 0, queued tasks = 0, completed tasks = 0].

2024-08-12 15:28:37,414 INFO ThreadPool is terminated: JRaft-Node-ScheduleThreadPool, com.alipay.sofa.jraft.util.MetricScheduledThreadPoolExecutor@29396da8[Shutting down, pool size = 0, active threads = 0, queued tasks = 0, completed tasks = 0].

2024-08-12 15:28:37,414 INFO Destroy timer: RepeatedTimer{timeout=null, stopped=true, running=false, destroyed=true, invoking=false, timeoutMs=5000, name='JRaft-ElectionTimer-<naming_instance_metadata/586d60d0b58a:7848>'}.

2024-08-12 15:28:37,414 INFO Destroy timer: RepeatedTimer{timeout=null, stopped=true, running=false, destroyed=true, invoking=false, timeoutMs=5000, name='JRaft-VoteTimer-<naming_instance_metadata/586d60d0b58a:7848>'}.

2024-08-12 15:28:37,414 INFO Destroy timer: RepeatedTimer{timeout=null, stopped=true, running=false, destroyed=true, invoking=false, timeoutMs=2500, name='JRaft-StepDownTimer-<naming_instance_metadata/586d60d0b58a:7848>'}.

2024-08-12 15:28:37,414 INFO onShutdown.

2024-08-12 15:28:37,414 INFO Destroy timer: RepeatedTimer{timeout=null, stopped=true, running=false, destroyed=true, invoking=false, timeoutMs=1800000, name='JRaft-SnapshotTimer-<naming_instance_metadata/586d60d0b58a:7848>'}.

2024-08-12 15:28:37,414 INFO The number of active nodes decrement to 1.

2024-08-12 15:28:37,415 INFO Node <naming_instance_metadata/586d60d0b58a:7848> shutdown, currTerm=1 state=STATE_SHUTTING.

2024-08-12 15:28:37,416 INFO Stop the RaftGroupService successfully.

2024-08-12 15:28:37,416 INFO Node <naming_persistent_service_v2/586d60d0b58a:7848> shutdown, currTerm=1 state=STATE_LEADER.

2024-08-12 15:28:37,417 INFO Fail to find the next candidate, group naming_persistent_service_v2.

2024-08-12 15:28:37,417 INFO onLeaderStop: status=Status[ESHUTDOWN<1007>: Raft node is going to quit.].

2024-08-12 15:28:37,423 INFO DB destroyed, the db path is: /home/nacos/data/protocol/raft/naming_instance_metadata/log.

2024-08-12 15:28:37,468 INFO Save raft meta, path=/home/nacos/data/protocol/raft/naming_persistent_service_v2/meta-data, term=1, votedFor=586d60d0b58a:7848, cost time=51 ms

2024-08-12 15:28:37,468 INFO Shutting down FSMCaller...

2024-08-12 15:28:37,469 INFO ThreadPool is terminated: JRaft-RPC-Processor, com.alipay.sofa.jraft.util.MetricThreadPoolExecutor@46afa576[Shutting down, pool size = 0, active threads = 0, queued tasks = 0, completed tasks = 0].

2024-08-12 15:28:37,469 INFO ThreadPool is terminated: JRaft-Node-ScheduleThreadPool, com.alipay.sofa.jraft.util.MetricScheduledThreadPoolExecutor@28ea7f88[Shutting down, pool size = 0, active threads = 0, queued tasks = 0, completed tasks = 0].

2024-08-12 15:28:37,469 INFO onShutdown.

2024-08-12 15:28:37,469 INFO The number of active nodes decrement to 0.

2024-08-12 15:28:37,471 INFO ThreadPool is terminated: JRaft-Global-ElectionTimer, com.alipay.sofa.jraft.util.MetricScheduledThreadPoolExecutor@44d48169[Shutting down, pool size = 0, active threads = 0, queued tasks = 0, completed tasks = 3].

2024-08-12 15:28:37,471 INFO Destroy timer: RepeatedTimer{timeout=null, stopped=true, running=false, destroyed=true, invoking=false, timeoutMs=5000, name='JRaft-ElectionTimer-<naming_persistent_service_v2/586d60d0b58a:7848>'}.

2024-08-12 15:28:37,471 INFO ThreadPool is terminated: JRaft-Global-VoteTimer, com.alipay.sofa.jraft.util.MetricScheduledThreadPoolExecutor@2ecb9024[Shutting down, pool size = 0, active threads = 0, queued tasks = 0, completed tasks = 3].

2024-08-12 15:28:37,471 INFO Destroy timer: RepeatedTimer{timeout=null, stopped=true, running=false, destroyed=true, invoking=false, timeoutMs=5000, name='JRaft-VoteTimer-<naming_persistent_service_v2/586d60d0b58a:7848>'}.

2024-08-12 15:28:37,474 INFO ThreadPool is terminated: JRaft-Global-StepDownTimer, com.alipay.sofa.jraft.util.MetricScheduledThreadPoolExecutor@402e3a98[Shutting down, pool size = 0, active threads = 0, queued tasks = 0, completed tasks = 2741].

2024-08-12 15:28:37,474 INFO Destroy timer: RepeatedTimer{timeout=null, stopped=true, running=false, destroyed=true, invoking=false, timeoutMs=2500, name='JRaft-StepDownTimer-<naming_persistent_service_v2/586d60d0b58a:7848>'}.

2024-08-12 15:28:37,484 INFO ThreadPool is terminated: JRaft-Global-SnapshotTimer, com.alipay.sofa.jraft.util.MetricScheduledThreadPoolExecutor@5a22bae4[Shutting down, pool size = 0, active threads = 0, queued tasks = 0, completed tasks = 3].

2024-08-12 15:28:37,489 INFO Destroy timer: RepeatedTimer{timeout=null, stopped=true, running=false, destroyed=true, invoking=false, timeoutMs=1800000, name='JRaft-SnapshotTimer-<naming_persistent_service_v2/586d60d0b58a:7848>'}.

2024-08-12 15:28:37,510 INFO Node <naming_persistent_service_v2/586d60d0b58a:7848> shutdown, currTerm=1 state=STATE_SHUTTING.

2024-08-12 15:28:37,515 INFO Stop the RaftGroupService successfully.

2024-08-12 15:28:37,518 INFO Shutdown managed channel: 586d60d0b58a:7848, ManagedChannelOrphanWrapper{delegate=ManagedChannelImpl{logId=10, target=586d60d0b58a:7848}}.

2024-08-12 15:28:37,524 INFO DB destroyed, the db path is: /home/nacos/data/protocol/raft/naming_persistent_service_v2/log.

2024-08-12 15:28:37,525 INFO The channel 586d60d0b58a:7848 is in state: SHUTDOWN.

2024-08-12 15:28:37,525 WARN This channel 586d60d0b58a:7848 has started shutting down. Any new RPCs should fail immediately.

2024-08-12 15:28:37,531 INFO Connection disconnected: /172.21.0.3:53310

2024-08-12 15:28:37,624 INFO ThreadPool is terminated: JRaft-RPC-Processor, com.alipay.sofa.jraft.util.MetricThreadPoolExecutor@526942f1[Shutting down, pool size = 15, active threads = 0, queued tasks = 0, completed tasks = 1644].

2024-08-12 15:45:01,298 INFO SPI service [com.alipay.sofa.jraft.JRaftServiceFactory - com.alipay.sofa.jraft.core.DefaultJRaftServiceFactory] loading.

2024-08-12 15:45:01,399 INFO SPI service [com.alipay.sofa.jraft.rpc.RaftRpcFactory - com.alipay.sofa.jraft.rpc.impl.GrpcRaftRpcFactory] loading.

2024-08-12 15:45:01,710 INFO SPI service [com.alipay.sofa.jraft.util.JRaftSignalHandler - com.alipay.sofa.jraft.NodeDescribeSignalHandler] loading.

2024-08-12 15:45:01,710 INFO SPI service [com.alipay.sofa.jraft.util.JRaftSignalHandler - com.alipay.sofa.jraft.NodeMetricsSignalHandler] loading.

2024-08-12 15:45:01,710 INFO SPI service [com.alipay.sofa.jraft.util.JRaftSignalHandler - com.alipay.sofa.jraft.ThreadPoolMetricsSignalHandler] loading.

2024-08-12 15:45:01,712 INFO SPI service [com.alipay.sofa.jraft.util.timer.RaftTimerFactory - com.alipay.sofa.jraft.util.timer.DefaultRaftTimerFactory] loading.

2024-08-12 15:45:01,715 INFO The number of active nodes increment to 1.

2024-08-12 15:45:02,315 INFO Starts FSMCaller successfully.

2024-08-12 15:45:02,319 WARN No data for snapshot reader /home/nacos/data/protocol/raft/naming_persistent_service_v2/snapshot.

2024-08-12 15:45:02,323 INFO Node <naming_persistent_service_v2/2b128a7cd90d:7848> init, term=0, lastLogId=LogId [index=0, term=0], conf=2b128a7cd90d:7848, oldConf=.

2024-08-12 15:45:02,325 INFO Node <naming_persistent_service_v2/2b128a7cd90d:7848> start vote and grant vote self, term=0.

2024-08-12 15:45:02,398 INFO Save raft meta, path=/home/nacos/data/protocol/raft/naming_persistent_service_v2/meta-data, term=1, votedFor=2b128a7cd90d:7848, cost time=49 ms

2024-08-12 15:45:02,398 INFO Node <naming_persistent_service_v2/2b128a7cd90d:7848> become leader of group, term=1, conf=2b128a7cd90d:7848, oldConf=.

2024-08-12 15:45:02,400 INFO -Djraft.recyclers.maxCapacityPerThread: 4096.

2024-08-12 15:45:02,436 WARN RPC server is not started in RaftGroupService.

2024-08-12 15:45:02,436 INFO Start the RaftGroupService successfully.

2024-08-12 15:45:02,725 INFO The number of active nodes increment to 2.

2024-08-12 15:45:02,771 INFO onLeaderStart: term=1.

2024-08-12 15:45:03,444 INFO Creating new channel to: 2b128a7cd90d:7848.

2024-08-12 15:45:03,516 INFO Starts FSMCaller successfully.

2024-08-12 15:45:03,516 WARN No data for snapshot reader /home/nacos/data/protocol/raft/naming_instance_metadata/snapshot.

2024-08-12 15:45:03,561 INFO Node <naming_instance_metadata/2b128a7cd90d:7848> init, term=0, lastLogId=LogId [index=0, term=0], conf=2b128a7cd90d:7848, oldConf=.

2024-08-12 15:45:03,617 INFO Node <naming_instance_metadata/2b128a7cd90d:7848> start vote and grant vote self, term=0.

2024-08-12 15:45:03,741 INFO The channel 2b128a7cd90d:7848 is in state: CONNECTING.

2024-08-12 15:45:03,776 INFO Save raft meta, path=/home/nacos/data/protocol/raft/naming_instance_metadata/meta-data, term=1, votedFor=2b128a7cd90d:7848, cost time=140 ms

2024-08-12 15:45:03,776 INFO Node <naming_instance_metadata/2b128a7cd90d:7848> become leader of group, term=1, conf=2b128a7cd90d:7848, oldConf=.

2024-08-12 15:45:03,789 WARN RPC server is not started in RaftGroupService.

2024-08-12 15:45:03,794 INFO Start the RaftGroupService successfully.

2024-08-12 15:45:03,837 INFO The number of active nodes increment to 3.

2024-08-12 15:45:03,886 INFO onLeaderStart: term=1.

2024-08-12 15:45:04,100 INFO Starts FSMCaller successfully.

2024-08-12 15:45:04,100 WARN No data for snapshot reader /home/nacos/data/protocol/raft/naming_service_metadata/snapshot.

2024-08-12 15:45:04,102 INFO Node <naming_service_metadata/2b128a7cd90d:7848> init, term=0, lastLogId=LogId [index=0, term=0], conf=2b128a7cd90d:7848, oldConf=.

2024-08-12 15:45:04,103 INFO Node <naming_service_metadata/2b128a7cd90d:7848> start vote and grant vote self, term=0.

2024-08-12 15:45:04,106 INFO Save raft meta, path=/home/nacos/data/protocol/raft/naming_service_metadata/meta-data, term=1, votedFor=2b128a7cd90d:7848, cost time=3 ms

2024-08-12 15:45:04,106 INFO Node <naming_service_metadata/2b128a7cd90d:7848> become leader of group, term=1, conf=2b128a7cd90d:7848, oldConf=.

2024-08-12 15:45:04,107 WARN RPC server is not started in RaftGroupService.

2024-08-12 15:45:04,107 INFO Start the RaftGroupService successfully.

2024-08-12 15:45:04,112 INFO onLeaderStart: term=1.

2024-08-12 15:45:04,116 INFO The channel 2b128a7cd90d:7848 is in state: READY.

2024-08-12 15:45:04,116 INFO The channel 2b128a7cd90d:7848 has successfully established.

2024-08-12 16:04:47,900 INFO Deleting snapshot /home/nacos/data/protocol/raft/naming_instance_metadata/snapshot/snapshot_1.

2024-08-12 16:04:47,900 INFO Renaming /home/nacos/data/protocol/raft/naming_instance_metadata/snapshot/temp to /home/nacos/data/protocol/raft/naming_instance_metadata/snapshot/snapshot_1.

2024-08-12 16:05:39,449 INFO Deleting snapshot /home/nacos/data/protocol/raft/naming_service_metadata/snapshot/snapshot_1.

2024-08-12 16:05:39,457 INFO Renaming /home/nacos/data/protocol/raft/naming_service_metadata/snapshot/temp to /home/nacos/data/protocol/raft/naming_service_metadata/snapshot/snapshot_1.

2024-08-12 16:06:31,341 INFO Deleting snapshot /home/nacos/data/protocol/raft/naming_persistent_service_v2/snapshot/snapshot_1.

2024-08-12 16:06:31,341 INFO Renaming /home/nacos/data/protocol/raft/naming_persistent_service_v2/snapshot/temp to /home/nacos/data/protocol/raft/naming_persistent_service_v2/snapshot/snapshot_1.

2024-08-12 16:34:47,008 INFO Truncated prefix logs in data path: /home/nacos/data/protocol/raft/naming_instance_metadata/log from log index 1 to 2, cost 0 ms.

2024-08-12 16:35:40,039 INFO Truncated prefix logs in data path: /home/nacos/data/protocol/raft/naming_service_metadata/log from log index 1 to 2, cost 1 ms.

2024-08-12 16:36:31,930 INFO Truncated prefix logs in data path: /home/nacos/data/protocol/raft/naming_persistent_service_v2/log from log index 1 to 2, cost 0 ms.

2024-08-12 17:04:47,315 INFO Truncated prefix logs in data path: /home/nacos/data/protocol/raft/naming_instance_metadata/log from log index 2 to 2, cost 0 ms.

2024-08-12 17:05:39,291 INFO Truncated prefix logs in data path: /home/nacos/data/protocol/raft/naming_service_metadata/log from log index 2 to 2, cost 0 ms.

2024-08-12 17:06:31,373 INFO Truncated prefix logs in data path: /home/nacos/data/protocol/raft/naming_persistent_service_v2/log from log index 2 to 2, cost 0 ms.

2024-08-12 17:34:47,074 INFO Truncated prefix logs in data path: /home/nacos/data/protocol/raft/naming_instance_metadata/log from log index 2 to 2, cost 0 ms.

2024-08-12 17:35:39,504 INFO Truncated prefix logs in data path: /home/nacos/data/protocol/raft/naming_service_metadata/log from log index 2 to 2, cost 0 ms.

2024-08-12 17:36:31,374 INFO Truncated prefix logs in data path: /home/nacos/data/protocol/raft/naming_persistent_service_v2/log from log index 2 to 2, cost 0 ms.

2024-08-12 18:04:47,083 INFO Truncated prefix logs in data path: /home/nacos/data/protocol/raft/naming_instance_metadata/log from log index 2 to 2, cost 0 ms.

2024-08-12 18:05:39,539 INFO Truncated prefix logs in data path: /home/nacos/data/protocol/raft/naming_service_metadata/log from log index 2 to 2, cost 0 ms.

2024-08-12 18:06:31,377 INFO Truncated prefix logs in data path: /home/nacos/data/protocol/raft/naming_persistent_service_v2/log from log index 2 to 2, cost 0 ms.

2024-08-12 18:34:47,083 INFO Truncated prefix logs in data path: /home/nacos/data/protocol/raft/naming_instance_metadata/log from log index 2 to 2, cost 0 ms.

2024-08-12 18:35:39,427 INFO Truncated prefix logs in data path: /home/nacos/data/protocol/raft/naming_service_metadata/log from log index 2 to 2, cost 1 ms.

2024-08-12 18:36:31,519 INFO Truncated prefix logs in data path: /home/nacos/data/protocol/raft/naming_persistent_service_v2/log from log index 2 to 2, cost 0 ms.

2024-08-12 19:04:47,304 INFO Truncated prefix logs in data path: /home/nacos/data/protocol/raft/naming_instance_metadata/log from log index 2 to 2, cost 0 ms.

2024-08-12 19:05:39,497 INFO Truncated prefix logs in data path: /home/nacos/data/protocol/raft/naming_service_metadata/log from log index 2 to 2, cost 0 ms.

2024-08-12 19:06:31,449 INFO Truncated prefix logs in data path: /home/nacos/data/protocol/raft/naming_persistent_service_v2/log from log index 2 to 2, cost 0 ms.

2024-08-12 19:34:47,267 INFO Truncated prefix logs in data path: /home/nacos/data/protocol/raft/naming_instance_metadata/log from log index 2 to 2, cost 0 ms.

2024-08-12 19:35:39,400 INFO Truncated prefix logs in data path: /home/nacos/data/protocol/raft/naming_service_metadata/log from log index 2 to 2, cost 0 ms.

2024-08-12 19:36:31,435 INFO Truncated prefix logs in data path: /home/nacos/data/protocol/raft/naming_persistent_service_v2/log from log index 2 to 2, cost 0 ms.

2024-08-12 20:04:47,269 INFO Truncated prefix logs in data path: /home/nacos/data/protocol/raft/naming_instance_metadata/log from log index 2 to 2, cost 0 ms.

2024-08-12 20:05:39,643 INFO Truncated prefix logs in data path: /home/nacos/data/protocol/raft/naming_service_metadata/log from log index 2 to 2, cost 0 ms.

2024-08-12 20:06:31,517 INFO Truncated prefix logs in data path: /home/nacos/data/protocol/raft/naming_persistent_service_v2/log from log index 2 to 2, cost 0 ms.

2024-08-12 20:34:47,182 INFO Truncated prefix logs in data path: /home/nacos/data/protocol/raft/naming_instance_metadata/log from log index 2 to 2, cost 0 ms.

2024-08-12 20:35:39,608 INFO Truncated prefix logs in data path: /home/nacos/data/protocol/raft/naming_service_metadata/log from log index 2 to 2, cost 0 ms.

2024-08-12 20:36:31,646 INFO Truncated prefix logs in data path: /home/nacos/data/protocol/raft/naming_persistent_service_v2/log from log index 2 to 2, cost 0 ms.

2024-08-12 21:04:47,179 INFO Truncated prefix logs in data path: /home/nacos/data/protocol/raft/naming_instance_metadata/log from log index 2 to 2, cost 0 ms.

2024-08-12 21:05:39,442 INFO Truncated prefix logs in data path: /home/nacos/data/protocol/raft/naming_service_metadata/log from log index 2 to 2, cost 0 ms.

2024-08-12 21:06:31,524 INFO Truncated prefix logs in data path: /home/nacos/data/protocol/raft/naming_persistent_service_v2/log from log index 2 to 2, cost 0 ms.

2024-08-12 21:34:48,313 INFO Truncated prefix logs in data path: /home/nacos/data/protocol/raft/naming_instance_metadata/log from log index 2 to 2, cost 0 ms.

2024-08-12 21:35:39,447 INFO Truncated prefix logs in data path: /home/nacos/data/protocol/raft/naming_service_metadata/log from log index 2 to 2, cost 0 ms.

2024-08-12 21:36:31,611 INFO Truncated prefix logs in data path: /home/nacos/data/protocol/raft/naming_persistent_service_v2/log from log index 2 to 2, cost 0 ms.

2024-08-12 22:04:47,371 INFO Truncated prefix logs in data path: /home/nacos/data/protocol/raft/naming_instance_metadata/log from log index 2 to 2, cost 0 ms.

2024-08-12 22:05:39,530 INFO Truncated prefix logs in data path: /home/nacos/data/protocol/raft/naming_service_metadata/log from log index 2 to 2, cost 1 ms.

2024-08-12 22:06:31,722 INFO Truncated prefix logs in data path: /home/nacos/data/protocol/raft/naming_persistent_service_v2/log from log index 2 to 2, cost 0 ms.

2024-08-12 22:34:47,264 INFO Truncated prefix logs in data path: /home/nacos/data/protocol/raft/naming_instance_metadata/log from log index 2 to 2, cost 0 ms.

2024-08-12 22:35:39,558 INFO Truncated prefix logs in data path: /home/nacos/data/protocol/raft/naming_service_metadata/log from log index 2 to 2, cost 0 ms.

2024-08-12 22:36:31,490 INFO Truncated prefix logs in data path: /home/nacos/data/protocol/raft/naming_persistent_service_v2/log from log index 2 to 2, cost 0 ms.

2024-08-12 23:04:47,668 INFO Truncated prefix logs in data path: /home/nacos/data/protocol/raft/naming_instance_metadata/log from log index 2 to 2, cost 0 ms.

2024-08-12 23:05:40,037 INFO Truncated prefix logs in data path: /home/nacos/data/protocol/raft/naming_service_metadata/log from log index 2 to 2, cost 0 ms.

2024-08-12 23:06:31,717 INFO Truncated prefix logs in data path: /home/nacos/data/protocol/raft/naming_persistent_service_v2/log from log index 2 to 2, cost 0 ms.

2024-08-12 23:34:47,631 INFO Truncated prefix logs in data path: /home/nacos/data/protocol/raft/naming_instance_metadata/log from log index 2 to 2, cost 1 ms.

2024-08-12 23:35:39,509 INFO Truncated prefix logs in data path: /home/nacos/data/protocol/raft/naming_service_metadata/log from log index 2 to 2, cost 0 ms.

2024-08-12 23:36:31,777 INFO Truncated prefix logs in data path: /home/nacos/data/protocol/raft/naming_persistent_service_v2/log from log index 2 to 2, cost 0 ms.

