2024-08-12 14:06:57,820 INFO notifyConnectTimeout:100

2024-08-12 14:06:57,823 INFO notifySocketTimeout:200

2024-08-12 14:06:57,823 INFO isHealthCheck:true

2024-08-12 14:06:57,823 INFO maxHealthCheckFailCount:12

2024-08-12 14:06:57,823 INFO maxContent:10485760

2024-08-12 14:07:03,764 WARN DumpService start

2024-08-12 14:07:03,765 INFO start clear all config-info.

2024-08-12 14:07:03,766 INFO clear all config-info success.

2024-08-12 14:07:03,766 INFO clear all config-info-tenant success.

2024-08-12 14:07:03,785 INFO All dump page size is set to 50 according to mem limit 972 MB

2024-08-12 14:07:03,785 INFO start dump all config-info...

2024-08-12 14:07:03,806 INFO [all-dump] submit all task for 1 / 1, dbTime=20,diskTime=1

2024-08-12 14:07:03,806 INFO [all-dump] wait 1 dump tasks to be finished

2024-08-12 14:07:04,810 INFO success to  dump all config-info。

2024-08-12 14:07:04,810 INFO start clear all config-info-beta.

2024-08-12 14:07:04,811 INFO clear all config-info-beta success.

2024-08-12 14:07:04,811 INFO clear all config-info-beta-tenant success.

2024-08-12 14:07:04,813 INFO start clear all config-info-tag.

2024-08-12 14:07:04,813 INFO clear all config-info-tag success.

2024-08-12 14:07:04,813 INFO clear all config-info-tag-tenant success.

2024-08-12 14:48:17,243 INFO notifyConnectTimeout:100

2024-08-12 14:48:17,245 INFO notifySocketTimeout:200

2024-08-12 14:48:17,245 INFO isHealthCheck:true

2024-08-12 14:48:17,245 INFO maxHealthCheckFailCount:12

2024-08-12 14:48:17,245 INFO maxContent:10485760

2024-08-12 14:48:20,435 WARN DumpService start

2024-08-12 14:48:20,435 INFO start clear all config-info.

2024-08-12 14:48:20,435 INFO clear all config-info success.

2024-08-12 14:48:20,436 INFO clear all config-info-tenant success.

2024-08-12 14:48:20,443 INFO All dump page size is set to 50 according to mem limit 972 MB

2024-08-12 14:48:20,443 INFO start dump all config-info...

2024-08-12 14:48:20,455 INFO [all-dump] submit all task for 1 / 1, dbTime=11,diskTime=1

2024-08-12 14:48:20,455 INFO [all-dump] wait 1 dump tasks to be finished

2024-08-12 14:48:21,456 INFO success to  dump all config-info。

2024-08-12 14:48:21,457 INFO start clear all config-info-beta.

2024-08-12 14:48:21,457 INFO clear all config-info-beta success.

2024-08-12 14:48:21,457 INFO clear all config-info-beta-tenant success.

2024-08-12 14:48:21,458 INFO start clear all config-info-tag.

2024-08-12 14:48:21,459 INFO clear all config-info-tag success.

2024-08-12 14:48:21,459 INFO clear all config-info-tag-tenant success.

2024-08-12 14:50:15,093 INFO notifyConnectTimeout:100

2024-08-12 14:50:15,124 INFO notifySocketTimeout:200

2024-08-12 14:50:15,124 INFO isHealthCheck:true

2024-08-12 14:50:15,124 INFO maxHealthCheckFailCount:12

2024-08-12 14:50:15,124 INFO maxContent:10485760

2024-08-12 14:50:18,560 WARN DumpService start

2024-08-12 14:50:18,560 INFO start clear all config-info.

2024-08-12 14:50:18,561 INFO clear all config-info success.

2024-08-12 14:50:18,561 INFO clear all config-info-tenant success.

2024-08-12 14:50:18,574 INFO All dump page size is set to 50 according to mem limit 972 MB

2024-08-12 14:50:18,574 INFO start dump all config-info...

2024-08-12 14:50:18,591 INFO [all-dump] submit all task for 1 / 1, dbTime=10,diskTime=7

2024-08-12 14:50:18,591 INFO [all-dump] wait 1 dump tasks to be finished

2024-08-12 14:50:19,594 INFO success to  dump all config-info。

2024-08-12 14:50:19,595 INFO start clear all config-info-beta.

2024-08-12 14:50:19,595 INFO clear all config-info-beta success.

2024-08-12 14:50:19,595 INFO clear all config-info-beta-tenant success.

2024-08-12 14:50:19,598 INFO start clear all config-info-tag.

2024-08-12 14:50:19,598 INFO clear all config-info-tag success.

2024-08-12 14:50:19,598 INFO clear all config-info-tag-tenant success.

2024-08-12 15:29:26,624 INFO notifyConnectTimeout:100

2024-08-12 15:29:26,635 INFO notifySocketTimeout:200

2024-08-12 15:29:26,636 INFO isHealthCheck:true

2024-08-12 15:29:26,636 INFO maxHealthCheckFailCount:12

2024-08-12 15:29:26,636 INFO maxContent:10485760

2024-08-12 15:44:52,897 INFO notifyConnectTimeout:100

2024-08-12 15:44:52,956 INFO notifySocketTimeout:200

2024-08-12 15:44:52,956 INFO isHealthCheck:true

2024-08-12 15:44:52,956 INFO maxHealthCheckFailCount:12

2024-08-12 15:44:52,957 INFO maxContent:10485760

2024-08-12 15:44:59,090 WARN DumpService start

2024-08-12 15:44:59,090 INFO start clear all config-info.

2024-08-12 15:44:59,090 INFO clear all config-info success.

2024-08-12 15:44:59,090 INFO clear all config-info-tenant success.

2024-08-12 15:44:59,099 INFO All dump page size is set to 50 according to mem limit 972 MB

2024-08-12 15:44:59,099 INFO start dump all config-info...

2024-08-12 15:44:59,125 INFO [all-dump] submit all task for 1 / 1, dbTime=11,diskTime=1

2024-08-12 15:44:59,126 INFO [all-dump] wait 1 dump tasks to be finished

2024-08-12 15:45:00,130 INFO success to  dump all config-info。

2024-08-12 15:45:00,130 INFO start clear all config-info-beta.

2024-08-12 15:45:00,130 INFO clear all config-info-beta success.

2024-08-12 15:45:00,130 INFO clear all config-info-beta-tenant success.

2024-08-12 15:45:00,250 INFO start clear all config-info-tag.

2024-08-12 15:45:00,254 INFO clear all config-info-tag success.

2024-08-12 15:45:00,254 INFO clear all config-info-tag-tenant success.

