2024-08-13 00:00:00,127 INFO Connection check task start

2024-08-13 00:00:00,156 INFO Long connection metrics detail ,Total count =4, sdkCount=4,clusterCount=0

2024-08-13 00:00:00,156 INFO Out dated connection ,size=0

2024-08-13 00:00:00,156 INFO Connection check task end

2024-08-13 00:00:01,552 INFO ConnectionMetrics, totalCount = 5, detail = {long_connection=4, long_polling=1}

2024-08-13 00:00:03,161 INFO Connection check task start

2024-08-13 00:00:03,161 INFO Long connection metrics detail ,Total count =4, sdkCount=4,clusterCount=0

2024-08-13 00:00:03,161 INFO Out dated connection ,size=0

2024-08-13 00:00:03,161 INFO Connection check task end

2024-08-13 00:00:04,563 INFO ConnectionMetrics, totalCount = 5, detail = {long_connection=4, long_polling=1}

2024-08-13 00:00:06,168 INFO Connection check task start

2024-08-13 00:00:06,168 INFO Long connection metrics detail ,Total count =4, sdkCount=4,clusterCount=0

2024-08-13 00:00:06,168 INFO Out dated connection ,size=0

2024-08-13 00:00:06,168 INFO Connection check task end

2024-08-13 00:00:07,568 INFO ConnectionMetrics, totalCount = 5, detail = {long_connection=4, long_polling=1}

2024-08-13 00:00:09,170 INFO Connection check task start

2024-08-13 00:00:09,171 INFO Long connection metrics detail ,Total count =4, sdkCount=4,clusterCount=0

2024-08-13 00:00:09,171 INFO Out dated connection ,size=0

2024-08-13 00:00:09,171 INFO Connection check task end

2024-08-13 00:00:10,579 INFO ConnectionMetrics, totalCount = 5, detail = {long_connection=4, long_polling=1}

2024-08-13 00:00:12,186 INFO Connection check task start

2024-08-13 00:00:12,371 INFO Long connection metrics detail ,Total count =4, sdkCount=4,clusterCount=0

2024-08-13 00:00:12,372 INFO Out dated connection ,size=0

2024-08-13 00:00:12,372 INFO Connection check task end

2024-08-13 00:00:13,646 INFO ConnectionMetrics, totalCount = 5, detail = {long_connection=4, long_polling=1}

2024-08-13 00:00:15,379 INFO Connection check task start

2024-08-13 00:00:15,379 INFO Long connection metrics detail ,Total count =4, sdkCount=4,clusterCount=0

2024-08-13 00:00:15,379 INFO Out dated connection ,size=0

2024-08-13 00:00:15,379 INFO Connection check task end

2024-08-13 00:00:16,657 INFO ConnectionMetrics, totalCount = 5, detail = {long_connection=4, long_polling=1}

2024-08-13 00:00:18,418 INFO Connection check task start

2024-08-13 00:00:18,418 INFO Long connection metrics detail ,Total count =4, sdkCount=4,clusterCount=0

2024-08-13 00:00:18,418 INFO Out dated connection ,size=0

2024-08-13 00:00:18,418 INFO Connection check task end

2024-08-13 00:00:19,658 INFO ConnectionMetrics, totalCount = 5, detail = {long_connection=4, long_polling=1}

2024-08-13 00:00:21,419 INFO Connection check task start

2024-08-13 00:00:21,419 INFO Long connection metrics detail ,Total count =4, sdkCount=4,clusterCount=0

2024-08-13 00:00:21,419 INFO Out dated connection ,size=0

2024-08-13 00:00:21,419 INFO Connection check task end

2024-08-13 00:00:22,660 INFO ConnectionMetrics, totalCount = 5, detail = {long_connection=4, long_polling=1}

2024-08-13 00:00:24,423 INFO Connection check task start

2024-08-13 00:00:24,423 INFO Long connection metrics detail ,Total count =4, sdkCount=4,clusterCount=0

2024-08-13 00:00:24,423 INFO Out dated connection ,size=0

2024-08-13 00:00:24,423 INFO Connection check task end

2024-08-13 00:00:25,668 INFO ConnectionMetrics, totalCount = 5, detail = {long_connection=4, long_polling=1}

2024-08-13 00:00:27,424 INFO Connection check task start

2024-08-13 00:00:27,424 INFO Long connection metrics detail ,Total count =4, sdkCount=4,clusterCount=0

2024-08-13 00:00:27,424 INFO Out dated connection ,size=0

2024-08-13 00:00:27,424 INFO Connection check task end

2024-08-13 00:00:28,684 INFO ConnectionMetrics, totalCount = 5, detail = {long_connection=4, long_polling=1}

2024-08-13 00:00:30,427 INFO Connection check task start

2024-08-13 00:00:30,437 INFO Long connection metrics detail ,Total count =4, sdkCount=4,clusterCount=0

2024-08-13 00:00:30,437 INFO Out dated connection ,size=0

2024-08-13 00:00:30,437 INFO Connection check task end

2024-08-13 00:00:31,738 INFO ConnectionMetrics, totalCount = 5, detail = {long_connection=4, long_polling=1}

2024-08-13 00:00:33,441 INFO Connection check task start

2024-08-13 00:00:33,629 INFO Long connection metrics detail ,Total count =4, sdkCount=4,clusterCount=0

2024-08-13 00:00:33,635 INFO Out dated connection ,size=0

2024-08-13 00:00:33,635 INFO Connection check task end

2024-08-13 00:00:34,805 INFO ConnectionMetrics, totalCount = 5, detail = {long_connection=4, long_polling=1}

2024-08-13 00:00:36,639 INFO Connection check task start

2024-08-13 00:00:36,639 INFO Long connection metrics detail ,Total count =4, sdkCount=4,clusterCount=0

2024-08-13 00:00:36,639 INFO Out dated connection ,size=0

2024-08-13 00:00:36,639 INFO Connection check task end

2024-08-13 00:00:37,807 INFO ConnectionMetrics, totalCount = 5, detail = {long_connection=4, long_polling=1}

2024-08-13 00:00:39,641 INFO Connection check task start

2024-08-13 00:00:39,645 INFO Long connection metrics detail ,Total count =4, sdkCount=4,clusterCount=0

2024-08-13 00:00:39,645 INFO Out dated connection ,size=0

2024-08-13 00:00:39,645 INFO Connection check task end

2024-08-13 00:00:40,812 INFO ConnectionMetrics, totalCount = 5, detail = {long_connection=4, long_polling=1}

2024-08-13 00:00:42,692 INFO Connection check task start

2024-08-13 00:00:42,692 INFO Long connection metrics detail ,Total count =4, sdkCount=4,clusterCount=0

2024-08-13 00:00:42,692 INFO Out dated connection ,size=0

2024-08-13 00:00:42,692 INFO Connection check task end

2024-08-13 00:00:43,829 INFO ConnectionMetrics, totalCount = 5, detail = {long_connection=4, long_polling=1}

2024-08-13 00:00:45,765 INFO Connection check task start

2024-08-13 00:00:45,765 INFO Long connection metrics detail ,Total count =4, sdkCount=4,clusterCount=0

2024-08-13 00:00:45,765 INFO Out dated connection ,size=0

2024-08-13 00:00:45,765 INFO Connection check task end

2024-08-13 00:00:46,872 INFO ConnectionMetrics, totalCount = 5, detail = {long_connection=4, long_polling=1}

2024-08-13 00:00:48,792 INFO Connection check task start

2024-08-13 00:00:48,816 INFO Long connection metrics detail ,Total count =4, sdkCount=4,clusterCount=0

2024-08-13 00:00:48,817 INFO Out dated connection ,size=0

2024-08-13 00:00:48,817 INFO Connection check task end

2024-08-13 00:00:49,874 INFO ConnectionMetrics, totalCount = 5, detail = {long_connection=4, long_polling=1}

2024-08-13 00:00:51,827 INFO Connection check task start

2024-08-13 00:00:51,827 INFO Long connection metrics detail ,Total count =4, sdkCount=4,clusterCount=0

2024-08-13 00:00:51,827 INFO Out dated connection ,size=0

2024-08-13 00:00:51,827 INFO Connection check task end

2024-08-13 00:00:52,880 INFO ConnectionMetrics, totalCount = 5, detail = {long_connection=4, long_polling=1}

2024-08-13 00:00:54,832 INFO Connection check task start

2024-08-13 00:00:54,832 INFO Long connection metrics detail ,Total count =4, sdkCount=4,clusterCount=0

2024-08-13 00:00:54,832 INFO Out dated connection ,size=0

2024-08-13 00:00:54,832 INFO Connection check task end

2024-08-13 00:00:55,893 INFO ConnectionMetrics, totalCount = 5, detail = {long_connection=4, long_polling=1}

2024-08-13 00:00:57,845 INFO Connection check task start

2024-08-13 00:00:57,845 INFO Long connection metrics detail ,Total count =4, sdkCount=4,clusterCount=0

2024-08-13 00:00:57,845 INFO Out dated connection ,size=0

2024-08-13 00:00:57,845 INFO Connection check task end

2024-08-13 00:00:58,901 INFO ConnectionMetrics, totalCount = 5, detail = {long_connection=4, long_polling=1}

2024-08-13 00:01:00,893 INFO Connection check task start

2024-08-13 00:01:00,893 INFO Long connection metrics detail ,Total count =4, sdkCount=4,clusterCount=0

2024-08-13 00:01:00,893 INFO Out dated connection ,size=0

2024-08-13 00:01:00,893 INFO Connection check task end

2024-08-13 00:01:01,928 INFO ConnectionMetrics, totalCount = 5, detail = {long_connection=4, long_polling=1}

2024-08-13 00:01:03,901 INFO Connection check task start

2024-08-13 00:01:03,902 INFO Long connection metrics detail ,Total count =4, sdkCount=4,clusterCount=0

2024-08-13 00:01:03,902 INFO Out dated connection ,size=0

2024-08-13 00:01:03,902 INFO Connection check task end

2024-08-13 00:01:04,936 INFO ConnectionMetrics, totalCount = 5, detail = {long_connection=4, long_polling=1}

2024-08-13 00:01:06,930 INFO Connection check task start

2024-08-13 00:01:06,931 INFO Long connection metrics detail ,Total count =4, sdkCount=4,clusterCount=0

2024-08-13 00:01:06,931 INFO Out dated connection ,size=0

2024-08-13 00:01:06,931 INFO Connection check task end

2024-08-13 00:01:07,945 INFO ConnectionMetrics, totalCount = 5, detail = {long_connection=4, long_polling=1}

2024-08-13 00:01:09,937 INFO Connection check task start

2024-08-13 00:01:09,937 INFO Long connection metrics detail ,Total count =4, sdkCount=4,clusterCount=0

2024-08-13 00:01:09,937 INFO Out dated connection ,size=0

2024-08-13 00:01:09,937 INFO Connection check task end

2024-08-13 00:01:11,126 INFO ConnectionMetrics, totalCount = 5, detail = {long_connection=4, long_polling=1}

2024-08-13 00:01:12,946 INFO Connection check task start

2024-08-13 00:01:12,986 INFO Long connection metrics detail ,Total count =4, sdkCount=4,clusterCount=0

2024-08-13 00:01:12,986 INFO Out dated connection ,size=0

2024-08-13 00:01:12,986 INFO Connection check task end

2024-08-13 00:01:14,129 INFO ConnectionMetrics, totalCount = 5, detail = {long_connection=4, long_polling=1}

2024-08-13 00:01:15,994 INFO Connection check task start

2024-08-13 00:01:16,069 INFO Long connection metrics detail ,Total count =4, sdkCount=4,clusterCount=0

2024-08-13 00:01:16,069 INFO Out dated connection ,size=0

2024-08-13 00:01:16,069 INFO Connection check task end

2024-08-13 00:01:17,151 INFO ConnectionMetrics, totalCount = 5, detail = {long_connection=4, long_polling=1}

2024-08-13 00:01:19,070 INFO Connection check task start

2024-08-13 00:01:19,070 INFO Long connection metrics detail ,Total count =4, sdkCount=4,clusterCount=0

2024-08-13 00:01:19,070 INFO Out dated connection ,size=0

2024-08-13 00:01:19,070 INFO Connection check task end

2024-08-13 00:01:20,156 INFO ConnectionMetrics, totalCount = 5, detail = {long_connection=4, long_polling=1}

2024-08-13 00:01:22,088 INFO Connection check task start

2024-08-13 00:01:22,088 INFO Long connection metrics detail ,Total count =4, sdkCount=4,clusterCount=0

2024-08-13 00:01:22,088 INFO Out dated connection ,size=0

2024-08-13 00:01:22,088 INFO Connection check task end

2024-08-13 00:01:23,205 INFO ConnectionMetrics, totalCount = 5, detail = {long_connection=4, long_polling=1}

2024-08-13 00:01:25,098 INFO Connection check task start

2024-08-13 00:01:25,098 INFO Long connection metrics detail ,Total count =4, sdkCount=4,clusterCount=0

2024-08-13 00:01:25,098 INFO Out dated connection ,size=0

2024-08-13 00:01:25,098 INFO Connection check task end

2024-08-13 00:01:26,229 INFO ConnectionMetrics, totalCount = 5, detail = {long_connection=4, long_polling=1}

2024-08-13 00:01:28,104 INFO Connection check task start

2024-08-13 00:01:28,306 INFO Long connection metrics detail ,Total count =4, sdkCount=4,clusterCount=0

2024-08-13 00:01:28,306 INFO Out dated connection ,size=0

2024-08-13 00:01:28,306 INFO Connection check task end

2024-08-13 00:01:29,296 INFO ConnectionMetrics, totalCount = 5, detail = {long_connection=4, long_polling=1}

2024-08-13 00:01:31,308 INFO Connection check task start

2024-08-13 00:01:31,309 INFO Long connection metrics detail ,Total count =4, sdkCount=4,clusterCount=0

2024-08-13 00:01:31,309 INFO Out dated connection ,size=0

2024-08-13 00:01:31,309 INFO Connection check task end

2024-08-13 00:01:32,308 INFO ConnectionMetrics, totalCount = 5, detail = {long_connection=4, long_polling=1}

2024-08-13 00:01:34,311 INFO Connection check task start

2024-08-13 00:01:34,311 INFO Long connection metrics detail ,Total count =4, sdkCount=4,clusterCount=0

2024-08-13 00:01:34,311 INFO Out dated connection ,size=0

2024-08-13 00:01:34,311 INFO Connection check task end

2024-08-13 00:01:35,308 INFO ConnectionMetrics, totalCount = 5, detail = {long_connection=4, long_polling=1}

2024-08-13 00:01:37,315 INFO Connection check task start

2024-08-13 00:01:37,331 INFO Long connection metrics detail ,Total count =4, sdkCount=4,clusterCount=0

2024-08-13 00:01:37,331 INFO Out dated connection ,size=0

2024-08-13 00:01:37,331 INFO Connection check task end

2024-08-13 00:01:38,357 INFO ConnectionMetrics, totalCount = 5, detail = {long_connection=4, long_polling=1}

2024-08-13 00:01:40,332 INFO Connection check task start

2024-08-13 00:01:40,345 INFO Long connection metrics detail ,Total count =4, sdkCount=4,clusterCount=0

2024-08-13 00:01:40,345 INFO Out dated connection ,size=0

2024-08-13 00:01:40,345 INFO Connection check task end

2024-08-13 00:01:41,365 INFO ConnectionMetrics, totalCount = 5, detail = {long_connection=4, long_polling=1}

2024-08-13 00:01:43,347 INFO Connection check task start

2024-08-13 00:01:43,351 INFO Long connection metrics detail ,Total count =4, sdkCount=4,clusterCount=0

2024-08-13 00:01:43,351 INFO Out dated connection ,size=0

2024-08-13 00:01:43,351 INFO Connection check task end

2024-08-13 00:01:44,377 INFO ConnectionMetrics, totalCount = 5, detail = {long_connection=4, long_polling=1}

2024-08-13 00:01:46,352 INFO Connection check task start

2024-08-13 00:01:46,352 INFO Long connection metrics detail ,Total count =4, sdkCount=4,clusterCount=0

2024-08-13 00:01:46,352 INFO Out dated connection ,size=0

2024-08-13 00:01:46,352 INFO Connection check task end

2024-08-13 00:01:47,378 INFO ConnectionMetrics, totalCount = 5, detail = {long_connection=4, long_polling=1}

2024-08-13 00:01:49,353 INFO Connection check task start

2024-08-13 00:01:49,353 INFO Long connection metrics detail ,Total count =4, sdkCount=4,clusterCount=0

2024-08-13 00:01:49,353 INFO Out dated connection ,size=0

2024-08-13 00:01:49,353 INFO Connection check task end

2024-08-13 00:01:50,384 INFO ConnectionMetrics, totalCount = 4, detail = {long_connection=4, long_polling=0}

2024-08-13 00:01:51,333 WARN [HttpClientBeanHolder] Start destroying common HttpClient

2024-08-13 00:01:51,349 WARN [NotifyCenter] Start destroying Publisher

2024-08-13 00:01:51,415 WARN [NotifyCenter] Destruction of the end

2024-08-13 00:01:51,455 WARN [HttpClientBeanHolder] Destruction of the end

2024-08-13 00:01:51,473 WARN [ThreadPoolManager] Start destroying ThreadPool

2024-08-13 00:01:51,642 WARN [WatchFileCenter] start close

2024-08-13 00:01:51,646 WARN [WatchFileCenter] start to shutdown this watcher which is watch : /home/nacos/conf

2024-08-13 00:01:51,714 WARN [WatchFileCenter] already closed

2024-08-13 00:01:52,840 INFO Connection check task start

2024-08-13 00:01:52,840 INFO Long connection metrics detail ,Total count =4, sdkCount=4,clusterCount=0

2024-08-13 00:01:52,840 INFO Out dated connection ,size=0

2024-08-13 00:01:52,840 INFO Connection check task end

2024-08-13 00:01:53,386 INFO ConnectionMetrics, totalCount = 4, detail = {long_connection=4, long_polling=0}

2024-08-13 00:01:53,400 INFO [1723473921188_172.25.0.1_46306]Connection unregistered successfully. 

2024-08-13 00:01:53,556 INFO [1723473918091_172.25.0.1_46296]Connection unregistered successfully. 

2024-08-13 00:01:54,135 INFO [1723473922827_172.25.0.1_46318]Connection unregistered successfully. 

2024-08-13 00:01:55,886 INFO Connection check task start

2024-08-13 00:01:55,902 INFO Long connection metrics detail ,Total count =1, sdkCount=1,clusterCount=0

2024-08-13 00:01:55,902 INFO Out dated connection ,size=0

2024-08-13 00:01:55,902 INFO Connection check task end

2024-08-13 00:01:56,408 INFO ConnectionMetrics, totalCount = 1, detail = {long_connection=1, long_polling=0}

2024-08-13 00:01:57,259 INFO [1723474027470_172.25.0.1_53888]Connection unregistered successfully. 

2024-08-13 00:01:58,924 INFO Connection check task start

